{"D:\\Download\\JIRA_CLONE\\src\\app\\taskSlice.js": {"path":"D:\\Download\\JIRA_CLONE\\src\\app\\taskSlice.js","statementMap":{"0":{"start":{"line":5,"column":18},"end":{"line":37,"column":2}},"1":{"start":{"line":14,"column":6},"end":{"line":14,"column":30}},"2":{"start":{"line":15,"column":6},"end":{"line":15,"column":19}},"3":{"start":{"line":18,"column":21},"end":{"line":18,"column":40}},"4":{"start":{"line":19,"column":6},"end":{"line":19,"column":34}},"5":{"start":{"line":20,"column":24},"end":{"line":20,"column":75}},"6":{"start":{"line":20,"column":55},"end":{"line":20,"column":74}},"7":{"start":{"line":21,"column":19},"end":{"line":21,"column":40}},"8":{"start":{"line":23,"column":6},"end":{"line":29,"column":7}},"9":{"start":{"line":24,"column":8},"end":{"line":24,"column":42}},"10":{"start":{"line":25,"column":8},"end":{"line":25,"column":44}},"11":{"start":{"line":26,"column":8},"end":{"line":26,"column":48}},"12":{"start":{"line":27,"column":8},"end":{"line":27,"column":50}},"13":{"start":{"line":28,"column":8},"end":{"line":28,"column":46}},"14":{"start":{"line":32,"column":21},"end":{"line":32,"column":42}},"15":{"start":{"line":33,"column":20},"end":{"line":33,"column":69}},"16":{"start":{"line":33,"column":48},"end":{"line":33,"column":68}},"17":{"start":{"line":34,"column":6},"end":{"line":34,"column":25}},"18":{"start":{"line":39,"column":20},"end":{"line":39,"column":37}},"19":{"start":{"line":40,"column":53},"end":{"line":40,"column":70}}},"fnMap":{"0":{"name":"(anonymous_0)","decl":{"start":{"line":13,"column":17},"end":{"line":13,"column":18}},"loc":{"start":{"line":13,"column":28},"end":{"line":16,"column":5}},"line":13},"1":{"name":"(anonymous_1)","decl":{"start":{"line":17,"column":14},"end":{"line":17,"column":15}},"loc":{"start":{"line":17,"column":33},"end":{"line":30,"column":5}},"line":17},"2":{"name":"(anonymous_2)","decl":{"start":{"line":20,"column":45},"end":{"line":20,"column":46}},"loc":{"start":{"line":20,"column":55},"end":{"line":20,"column":74}},"line":20},"3":{"name":"(anonymous_3)","decl":{"start":{"line":31,"column":16},"end":{"line":31,"column":17}},"loc":{"start":{"line":31,"column":35},"end":{"line":35,"column":5}},"line":31},"4":{"name":"(anonymous_4)","decl":{"start":{"line":33,"column":38},"end":{"line":33,"column":39}},"loc":{"start":{"line":33,"column":48},"end":{"line":33,"column":68}},"line":33}},"branchMap":{"0":{"loc":{"start":{"line":23,"column":6},"end":{"line":29,"column":7}},"type":"if","locations":[{"start":{"line":23,"column":6},"end":{"line":29,"column":7}},{"start":{},"end":{}}],"line":23}},"s":{"0":1,"1":0,"2":0,"3":0,"4":0,"5":0,"6":0,"7":0,"8":0,"9":0,"10":0,"11":0,"12":0,"13":0,"14":0,"15":0,"16":0,"17":0,"18":1,"19":1},"f":{"0":0,"1":0,"2":0,"3":0,"4":0},"b":{"0":[0,0]},"_coverageSchema":"1a1c01bbd47fc00a2c39e90264f33305004495a9","hash":"f4665d1ea134ccceb0255b55942069d049313684"}
,"D:\\Download\\JIRA_CLONE\\src\\components\\Button.js": {"path":"D:\\Download\\JIRA_CLONE\\src\\components\\Button.js","statementMap":{"0":{"start":{"line":12,"column":2},"end":{"line":21,"column":4}}},"fnMap":{"0":{"name":"BasicButtonGroup","decl":{"start":{"line":5,"column":24},"end":{"line":5,"column":40}},"loc":{"start":{"line":11,"column":3},"end":{"line":22,"column":1}},"line":11}},"branchMap":{"0":{"loc":{"start":{"line":8,"column":2},"end":{"line":8,"column":16}},"type":"default-arg","locations":[{"start":{"line":8,"column":10},"end":{"line":8,"column":16}}],"line":8},"1":{"loc":{"start":{"line":9,"column":2},"end":{"line":9,"column":18}},"type":"default-arg","locations":[{"start":{"line":9,"column":10},"end":{"line":9,"column":18}}],"line":9}},"s":{"0":0},"f":{"0":0},"b":{"0":[0],"1":[0]},"_coverageSchema":"1a1c01bbd47fc00a2c39e90264f33305004495a9","hash":"8a334f71973d653a94514d1ad8dfdd14b455160e"}
,"D:\\Download\\JIRA_CLONE\\src\\features\\TaskList.js": {"path":"D:\\Download\\JIRA_CLONE\\src\\features\\TaskList.js","statementMap":{"0":{"start":{"line":16,"column":26},"end":{"line":16,"column":43}},"1":{"start":{"line":17,"column":40},"end":{"line":17,"column":58}},"2":{"start":{"line":18,"column":28},"end":{"line":18,"column":50}},"3":{"start":{"line":19,"column":39},"end":{"line":19,"column":73}},"4":{"start":{"line":19,"column":62},"end":{"line":19,"column":72}},"5":{"start":{"line":20,"column":36},"end":{"line":20,"column":50}},"6":{"start":{"line":21,"column":19},"end":{"line":21,"column":32}},"7":{"start":{"line":23,"column":19},"end":{"line":23,"column":32}},"8":{"start":{"line":25,"column":2},"end":{"line":28,"column":13}},"9":{"start":{"line":26,"column":4},"end":{"line":26,"column":28}},"10":{"start":{"line":27,"column":4},"end":{"line":27,"column":23}},"11":{"start":{"line":29,"column":27},"end":{"line":31,"column":3}},"12":{"start":{"line":30,"column":4},"end":{"line":30,"column":21}},"13":{"start":{"line":33,"column":34},"end":{"line":36,"column":3}},"14":{"start":{"line":34,"column":4},"end":{"line":34,"column":40}},"15":{"start":{"line":35,"column":4},"end":{"line":35,"column":15}},"16":{"start":{"line":38,"column":28},"end":{"line":62,"column":3}},"17":{"start":{"line":39,"column":4},"end":{"line":61,"column":5}},"18":{"start":{"line":40,"column":21},"end":{"line":57,"column":8}},"19":{"start":{"line":41,"column":8},"end":{"line":41,"column":44}},"20":{"start":{"line":41,"column":35},"end":{"line":41,"column":44}},"21":{"start":{"line":42,"column":8},"end":{"line":42,"column":45}},"22":{"start":{"line":42,"column":35},"end":{"line":42,"column":45}},"23":{"start":{"line":43,"column":8},"end":{"line":43,"column":69}},"24":{"start":{"line":43,"column":60},"end":{"line":43,"column":69}},"25":{"start":{"line":44,"column":8},"end":{"line":56,"column":9}},"26":{"start":{"line":45,"column":10},"end":{"line":49,"column":16}},"27":{"start":{"line":51,"column":10},"end":{"line":55,"column":16}},"28":{"start":{"line":59,"column":6},"end":{"line":59,"column":27}},"29":{"start":{"line":60,"column":6},"end":{"line":60,"column":65}},"30":{"start":{"line":60,"column":28},"end":{"line":60,"column":62}},"31":{"start":{"line":64,"column":28},"end":{"line":66,"column":3}},"32":{"start":{"line":64,"column":42},"end":{"line":66,"column":3}},"33":{"start":{"line":65,"column":4},"end":{"line":65,"column":39}},"34":{"start":{"line":68,"column":22},"end":{"line":70,"column":3}},"35":{"start":{"line":69,"column":4},"end":{"line":69,"column":36}},"36":{"start":{"line":72,"column":24},"end":{"line":74,"column":3}},"37":{"start":{"line":73,"column":4},"end":{"line":73,"column":37}},"38":{"start":{"line":75,"column":2},"end":{"line":75,"column":50}},"39":{"start":{"line":75,"column":17},"end":{"line":75,"column":50}},"40":{"start":{"line":76,"column":2},"end":{"line":132,"column":4}},"41":{"start":{"line":83,"column":16},"end":{"line":96,"column":28}},"42":{"start":{"line":104,"column":16},"end":{"line":126,"column":18}},"43":{"start":{"line":107,"column":36},"end":{"line":107,"column":50}},"44":{"start":{"line":108,"column":22},"end":{"line":123,"column":24}},"45":{"start":{"line":116,"column":51},"end":{"line":116,"column":77}},"46":{"start":{"line":117,"column":49},"end":{"line":117,"column":73}}},"fnMap":{"0":{"name":"TaskList","decl":{"start":{"line":15,"column":24},"end":{"line":15,"column":32}},"loc":{"start":{"line":15,"column":35},"end":{"line":133,"column":1}},"line":15},"1":{"name":"(anonymous_1)","decl":{"start":{"line":19,"column":51},"end":{"line":19,"column":52}},"loc":{"start":{"line":19,"column":62},"end":{"line":19,"column":72}},"line":19},"2":{"name":"(anonymous_2)","decl":{"start":{"line":25,"column":12},"end":{"line":25,"column":13}},"loc":{"start":{"line":25,"column":18},"end":{"line":28,"column":3}},"line":25},"3":{"name":"(anonymous_3)","decl":{"start":{"line":29,"column":27},"end":{"line":29,"column":28}},"loc":{"start":{"line":29,"column":47},"end":{"line":31,"column":3}},"line":29},"4":{"name":"(anonymous_4)","decl":{"start":{"line":33,"column":34},"end":{"line":33,"column":35}},"loc":{"start":{"line":33,"column":45},"end":{"line":36,"column":3}},"line":33},"5":{"name":"(anonymous_5)","decl":{"start":{"line":38,"column":28},"end":{"line":38,"column":29}},"loc":{"start":{"line":38,"column":54},"end":{"line":62,"column":3}},"line":38},"6":{"name":"(anonymous_6)","decl":{"start":{"line":40,"column":41},"end":{"line":40,"column":42}},"loc":{"start":{"line":40,"column":51},"end":{"line":57,"column":7}},"line":40},"7":{"name":"(anonymous_7)","decl":{"start":{"line":60,"column":15},"end":{"line":60,"column":16}},"loc":{"start":{"line":60,"column":28},"end":{"line":60,"column":62}},"line":60},"8":{"name":"(anonymous_8)","decl":{"start":{"line":64,"column":28},"end":{"line":64,"column":29}},"loc":{"start":{"line":64,"column":42},"end":{"line":66,"column":3}},"line":64},"9":{"name":"(anonymous_9)","decl":{"start":{"line":64,"column":42},"end":{"line":64,"column":43}},"loc":{"start":{"line":64,"column":53},"end":{"line":66,"column":3}},"line":64},"10":{"name":"(anonymous_10)","decl":{"start":{"line":68,"column":22},"end":{"line":68,"column":23}},"loc":{"start":{"line":68,"column":34},"end":{"line":70,"column":3}},"line":68},"11":{"name":"(anonymous_11)","decl":{"start":{"line":72,"column":24},"end":{"line":72,"column":25}},"loc":{"start":{"line":72,"column":36},"end":{"line":74,"column":3}},"line":72},"12":{"name":"(anonymous_12)","decl":{"start":{"line":82,"column":28},"end":{"line":82,"column":29}},"loc":{"start":{"line":83,"column":16},"end":{"line":96,"column":28}},"line":83},"13":{"name":"(anonymous_13)","decl":{"start":{"line":103,"column":19},"end":{"line":103,"column":20}},"loc":{"start":{"line":103,"column":28},"end":{"line":127,"column":15}},"line":103},"14":{"name":"(anonymous_14)","decl":{"start":{"line":106,"column":34},"end":{"line":106,"column":35}},"loc":{"start":{"line":106,"column":49},"end":{"line":124,"column":21}},"line":106},"15":{"name":"(anonymous_15)","decl":{"start":{"line":116,"column":45},"end":{"line":116,"column":46}},"loc":{"start":{"line":116,"column":51},"end":{"line":116,"column":77}},"line":116},"16":{"name":"(anonymous_16)","decl":{"start":{"line":117,"column":43},"end":{"line":117,"column":44}},"loc":{"start":{"line":117,"column":49},"end":{"line":117,"column":73}},"line":117}},"branchMap":{"0":{"loc":{"start":{"line":39,"column":4},"end":{"line":61,"column":5}},"type":"if","locations":[{"start":{"line":39,"column":4},"end":{"line":61,"column":5}},{"start":{},"end":{}}],"line":39},"1":{"loc":{"start":{"line":41,"column":8},"end":{"line":41,"column":44}},"type":"if","locations":[{"start":{"line":41,"column":8},"end":{"line":41,"column":44}},{"start":{},"end":{}}],"line":41},"2":{"loc":{"start":{"line":42,"column":8},"end":{"line":42,"column":45}},"type":"if","locations":[{"start":{"line":42,"column":8},"end":{"line":42,"column":45}},{"start":{},"end":{}}],"line":42},"3":{"loc":{"start":{"line":43,"column":8},"end":{"line":43,"column":69}},"type":"if","locations":[{"start":{"line":43,"column":8},"end":{"line":43,"column":69}},{"start":{},"end":{}}],"line":43},"4":{"loc":{"start":{"line":43,"column":12},"end":{"line":43,"column":58}},"type":"binary-expr","locations":[{"start":{"line":43,"column":12},"end":{"line":43,"column":33}},{"start":{"line":43,"column":37},"end":{"line":43,"column":58}}],"line":43},"5":{"loc":{"start":{"line":44,"column":8},"end":{"line":56,"column":9}},"type":"if","locations":[{"start":{"line":44,"column":8},"end":{"line":56,"column":9}},{"start":{"line":50,"column":15},"end":{"line":56,"column":9}}],"line":44},"6":{"loc":{"start":{"line":45,"column":17},"end":{"line":49,"column":15}},"type":"cond-expr","locations":[{"start":{"line":46,"column":14},"end":{"line":46,"column":16}},{"start":{"line":47,"column":14},"end":{"line":49,"column":15}}],"line":45},"7":{"loc":{"start":{"line":47,"column":14},"end":{"line":49,"column":15}},"type":"cond-expr","locations":[{"start":{"line":48,"column":14},"end":{"line":48,"column":15}},{"start":{"line":49,"column":14},"end":{"line":49,"column":15}}],"line":47},"8":{"loc":{"start":{"line":51,"column":17},"end":{"line":55,"column":15}},"type":"cond-expr","locations":[{"start":{"line":52,"column":14},"end":{"line":52,"column":16}},{"start":{"line":53,"column":14},"end":{"line":55,"column":15}}],"line":51},"9":{"loc":{"start":{"line":53,"column":14},"end":{"line":55,"column":15}},"type":"cond-expr","locations":[{"start":{"line":54,"column":14},"end":{"line":54,"column":15}},{"start":{"line":55,"column":14},"end":{"line":55,"column":15}}],"line":53},"10":{"loc":{"start":{"line":60,"column":28},"end":{"line":60,"column":62}},"type":"cond-expr","locations":[{"start":{"line":60,"column":48},"end":{"line":60,"column":53}},{"start":{"line":60,"column":56},"end":{"line":60,"column":62}}],"line":60},"11":{"loc":{"start":{"line":75,"column":2},"end":{"line":75,"column":50}},"type":"if","locations":[{"start":{"line":75,"column":2},"end":{"line":75,"column":50}},{"start":{},"end":{}}],"line":75},"12":{"loc":{"start":{"line":87,"column":33},"end":{"line":87,"column":65}},"type":"cond-expr","locations":[{"start":{"line":87,"column":52},"end":{"line":87,"column":57}},{"start":{"line":87,"column":60},"end":{"line":87,"column":65}}],"line":87},"13":{"loc":{"start":{"line":91,"column":31},"end":{"line":91,"column":63}},"type":"cond-expr","locations":[{"start":{"line":91,"column":50},"end":{"line":91,"column":55}},{"start":{"line":91,"column":58},"end":{"line":91,"column":63}}],"line":91},"14":{"loc":{"start":{"line":114,"column":27},"end":{"line":121,"column":27}},"type":"cond-expr","locations":[{"start":{"line":115,"column":28},"end":{"line":118,"column":30}},{"start":{"line":120,"column":28},"end":{"line":120,"column":33}}],"line":114}},"s":{"0":0,"1":0,"2":0,"3":0,"4":0,"5":0,"6":0,"7":0,"8":0,"9":0,"10":0,"11":0,"12":0,"13":0,"14":0,"15":0,"16":0,"17":0,"18":0,"19":0,"20":0,"21":0,"22":0,"23":0,"24":0,"25":0,"26":0,"27":0,"28":0,"29":0,"30":0,"31":0,"32":0,"33":0,"34":0,"35":0,"36":0,"37":0,"38":0,"39":0,"40":0,"41":0,"42":0,"43":0,"44":0,"45":0,"46":0},"f":{"0":0,"1":0,"2":0,"3":0,"4":0,"5":0,"6":0,"7":0,"8":0,"9":0,"10":0,"11":0,"12":0,"13":0,"14":0,"15":0,"16":0},"b":{"0":[0,0],"1":[0,0],"2":[0,0],"3":[0,0],"4":[0,0],"5":[0,0],"6":[0,0],"7":[0,0],"8":[0,0],"9":[0,0],"10":[0,0],"11":[0,0],"12":[0,0],"13":[0,0],"14":[0,0]},"_coverageSchema":"1a1c01bbd47fc00a2c39e90264f33305004495a9","hash":"6a7af499e2cd435f20dcaddcb1abed438315d3da"}
,"D:\\Download\\JIRA_CLONE\\src\\mockData\\mockApi.js": {"path":"D:\\Download\\JIRA_CLONE\\src\\mockData\\mockApi.js","statementMap":{"0":{"start":{"line":1,"column":23},"end":{"line":32,"column":1}},"1":{"start":{"line":35,"column":2},"end":{"line":35,"column":63}},"2":{"start":{"line":37,"column":20},"end":{"line":47,"column":1}}},"fnMap":{"0":{"name":"createData","decl":{"start":{"line":34,"column":9},"end":{"line":34,"column":19}},"loc":{"start":{"line":34,"column":71},"end":{"line":36,"column":1}},"line":34}},"branchMap":{},"s":{"0":1,"1":2,"2":1},"f":{"0":2},"b":{},"_coverageSchema":"1a1c01bbd47fc00a2c39e90264f33305004495a9","hash":"8802a1dfe549e67b9ba82496b978b9ba6afe42b0"}
}
